  Action.cpp
D:\CU Projects\DS_Project_2\Restraunt_Simulation\Restraunt_Simulation\Table.h(18,17): error C2061: syntax error: identifier 'OD'
  (compiling source file 'Action.cpp')
  
D:\CU Projects\DS_Project_2\Restraunt_Simulation\Restraunt_Simulation\UI.h(19,12): error C2143: syntax error: missing ';' before '*'
  (compiling source file 'Action.cpp')
  
D:\CU Projects\DS_Project_2\Restraunt_Simulation\Restraunt_Simulation\UI.h(19,2): error C4430: missing type specifier - int assumed. Note: C++ does not support default-int
  (compiling source file 'Action.cpp')
  
D:\CU Projects\DS_Project_2\Restraunt_Simulation\Restraunt_Simulation\UI.h(19,18): error C2238: unexpected token(s) preceding ';'
  (compiling source file 'Action.cpp')
  
D:\CU Projects\DS_Project_2\Restraunt_Simulation\Restraunt_Simulation\UI.h(21,5): error C2061: syntax error: identifier 'Restaurant'
  (compiling source file 'Action.cpp')
  
D:\CU Projects\DS_Project_2\Restraunt_Simulation\Restraunt_Simulation\UI.h(23,19): error C2065: 'Action': undeclared identifier
  (compiling source file 'Action.cpp')
  
D:\CU Projects\DS_Project_2\Restraunt_Simulation\Restraunt_Simulation\UI.h(23,26): error C2059: syntax error: '>'
  (compiling source file 'Action.cpp')
  
D:\CU Projects\DS_Project_2\Restraunt_Simulation\Restraunt_Simulation\UI.h(23,47): error C2065: 'Action': undeclared identifier
  (compiling source file 'Action.cpp')
  
D:\CU Projects\DS_Project_2\Restraunt_Simulation\Restraunt_Simulation\UI.h(23,54): error C2059: syntax error: '>'
  (compiling source file 'Action.cpp')
  
D:\CU Projects\DS_Project_2\Restraunt_Simulation\Restraunt_Simulation\Restaurant.h(34,9): error C2065: 'Action': undeclared identifier
  (compiling source file 'Action.cpp')
  
D:\CU Projects\DS_Project_2\Restraunt_Simulation\Restraunt_Simulation\Restaurant.h(34,16): error C2059: syntax error: '>'
  (compiling source file 'Action.cpp')
  
D:\CU Projects\DS_Project_2\Restraunt_Simulation\Restraunt_Simulation\Restaurant.h(35,9): error C2065: 'Action': undeclared identifier
  (compiling source file 'Action.cpp')
  
D:\CU Projects\DS_Project_2\Restraunt_Simulation\Restraunt_Simulation\Restaurant.h(35,16): error C2059: syntax error: '>'
  (compiling source file 'Action.cpp')
  
D:\CU Projects\DS_Project_2\Restraunt_Simulation\Restraunt_Simulation\Restaurant.h(124,9): error C2535: 'Order *Restaurant::FromCookingToReadyByType(Order *)': member function already defined or declared
  (compiling source file 'Action.cpp')
      D:\CU Projects\DS_Project_2\Restraunt_Simulation\Restraunt_Simulation\Restaurant.h(113,9):
      see declaration of 'Restaurant::FromCookingToReadyByType'
  
  CancelAction.cpp
D:\CU Projects\DS_Project_2\Restraunt_Simulation\Restraunt_Simulation\Table.h(18,17): error C2061: syntax error: identifier 'OD'
  (compiling source file 'CancelAction.cpp')
  
D:\CU Projects\DS_Project_2\Restraunt_Simulation\Restraunt_Simulation\UI.h(19,12): error C2143: syntax error: missing ';' before '*'
  (compiling source file 'CancelAction.cpp')
  
D:\CU Projects\DS_Project_2\Restraunt_Simulation\Restraunt_Simulation\UI.h(19,2): error C4430: missing type specifier - int assumed. Note: C++ does not support default-int
  (compiling source file 'CancelAction.cpp')
  
D:\CU Projects\DS_Project_2\Restraunt_Simulation\Restraunt_Simulation\UI.h(19,18): error C2238: unexpected token(s) preceding ';'
  (compiling source file 'CancelAction.cpp')
  
D:\CU Projects\DS_Project_2\Restraunt_Simulation\Restraunt_Simulation\UI.h(21,5): error C2061: syntax error: identifier 'Restaurant'
  (compiling source file 'CancelAction.cpp')
  
D:\CU Projects\DS_Project_2\Restraunt_Simulation\Restraunt_Simulation\UI.h(23,19): error C2065: 'Action': undeclared identifier
  (compiling source file 'CancelAction.cpp')
  
D:\CU Projects\DS_Project_2\Restraunt_Simulation\Restraunt_Simulation\UI.h(23,26): error C2059: syntax error: '>'
  (compiling source file 'CancelAction.cpp')
  
D:\CU Projects\DS_Project_2\Restraunt_Simulation\Restraunt_Simulation\UI.h(23,47): error C2065: 'Action': undeclared identifier
  (compiling source file 'CancelAction.cpp')
  
D:\CU Projects\DS_Project_2\Restraunt_Simulation\Restraunt_Simulation\UI.h(23,54): error C2059: syntax error: '>'
  (compiling source file 'CancelAction.cpp')
  
D:\CU Projects\DS_Project_2\Restraunt_Simulation\Restraunt_Simulation\Restaurant.h(34,9): error C2065: 'Action': undeclared identifier
  (compiling source file 'CancelAction.cpp')
  
D:\CU Projects\DS_Project_2\Restraunt_Simulation\Restraunt_Simulation\Restaurant.h(34,16): error C2059: syntax error: '>'
  (compiling source file 'CancelAction.cpp')
  
D:\CU Projects\DS_Project_2\Restraunt_Simulation\Restraunt_Simulation\Restaurant.h(35,9): error C2065: 'Action': undeclared identifier
  (compiling source file 'CancelAction.cpp')
  
D:\CU Projects\DS_Project_2\Restraunt_Simulation\Restraunt_Simulation\Restaurant.h(35,16): error C2059: syntax error: '>'
  (compiling source file 'CancelAction.cpp')
  
D:\CU Projects\DS_Project_2\Restraunt_Simulation\Restraunt_Simulation\Restaurant.h(124,9): error C2535: 'Order *Restaurant::FromCookingToReadyByType(Order *)': member function already defined or declared
  (compiling source file 'CancelAction.cpp')
      D:\CU Projects\DS_Project_2\Restraunt_Simulation\Restraunt_Simulation\Restaurant.h(113,9):
      see declaration of 'Restaurant::FromCookingToReadyByType'
  
  Chef.cpp
  Cooking_Orders.cpp
  EnumTypes.cpp
  Fit_Tables.cpp
D:\CU Projects\DS_Project_2\Restraunt_Simulation\Restraunt_Simulation\Table.h(18,17): error C2061: syntax error: identifier 'OD'
  (compiling source file 'Fit_Tables.cpp')
  
  Node.cpp
  OD.cpp
D:\CU Projects\DS_Project_2\Restraunt_Simulation\Restraunt_Simulation\Table.h(18,17): error C2061: syntax error: identifier 'OD'
  (compiling source file 'OD.cpp')
  
  Order.cpp
D:\CU Projects\DS_Project_2\Restraunt_Simulation\Restraunt_Simulation\Order.cpp(48,9): warning C4244: 'return': conversion from 'const double' to 'int', possible loss of data
D:\CU Projects\DS_Project_2\Restraunt_Simulation\Restraunt_Simulation\Order.cpp(119,10): error C2065: 'Type': undeclared identifier
  OV.cpp
  Pending_OVC.cpp
  PriQueue.cpp
  Queue.cpp
  RDY_OV.cpp
  RequestAction.cpp
D:\CU Projects\DS_Project_2\Restraunt_Simulation\Restraunt_Simulation\Table.h(18,17): error C2061: syntax error: identifier 'OD'
  (compiling source file 'RequestAction.cpp')
  
D:\CU Projects\DS_Project_2\Restraunt_Simulation\Restraunt_Simulation\UI.h(19,12): error C2143: syntax error: missing ';' before '*'
  (compiling source file 'RequestAction.cpp')
  
D:\CU Projects\DS_Project_2\Restraunt_Simulation\Restraunt_Simulation\UI.h(19,2): error C4430: missing type specifier - int assumed. Note: C++ does not support default-int
  (compiling source file 'RequestAction.cpp')
  
D:\CU Projects\DS_Project_2\Restraunt_Simulation\Restraunt_Simulation\UI.h(19,18): error C2238: unexpected token(s) preceding ';'
  (compiling source file 'RequestAction.cpp')
  
D:\CU Projects\DS_Project_2\Restraunt_Simulation\Restraunt_Simulation\UI.h(21,5): error C2061: syntax error: identifier 'Restaurant'
  (compiling source file 'RequestAction.cpp')
  
D:\CU Projects\DS_Project_2\Restraunt_Simulation\Restraunt_Simulation\UI.h(23,19): error C2065: 'Action': undeclared identifier
  (compiling source file 'RequestAction.cpp')
  
D:\CU Projects\DS_Project_2\Restraunt_Simulation\Restraunt_Simulation\UI.h(23,26): error C2059: syntax error: '>'
  (compiling source file 'RequestAction.cpp')
  
D:\CU Projects\DS_Project_2\Restraunt_Simulation\Restraunt_Simulation\UI.h(23,47): error C2065: 'Action': undeclared identifier
  (compiling source file 'RequestAction.cpp')
  
D:\CU Projects\DS_Project_2\Restraunt_Simulation\Restraunt_Simulation\UI.h(23,54): error C2059: syntax error: '>'
  (compiling source file 'RequestAction.cpp')
  
D:\CU Projects\DS_Project_2\Restraunt_Simulation\Restraunt_Simulation\Restaurant.h(34,9): error C2065: 'Action': undeclared identifier
  (compiling source file 'RequestAction.cpp')
  
D:\CU Projects\DS_Project_2\Restraunt_Simulation\Restraunt_Simulation\Restaurant.h(34,16): error C2059: syntax error: '>'
  (compiling source file 'RequestAction.cpp')
  
D:\CU Projects\DS_Project_2\Restraunt_Simulation\Restraunt_Simulation\Restaurant.h(35,9): error C2065: 'Action': undeclared identifier
  (compiling source file 'RequestAction.cpp')
  
D:\CU Projects\DS_Project_2\Restraunt_Simulation\Restraunt_Simulation\Restaurant.h(35,16): error C2059: syntax error: '>'
  (compiling source file 'RequestAction.cpp')
  
D:\CU Projects\DS_Project_2\Restraunt_Simulation\Restraunt_Simulation\Restaurant.h(124,9): error C2535: 'Order *Restaurant::FromCookingToReadyByType(Order *)': member function already defined or declared
  (compiling source file 'RequestAction.cpp')
      D:\CU Projects\DS_Project_2\Restraunt_Simulation\Restraunt_Simulation\Restaurant.h(113,9):
      see declaration of 'Restaurant::FromCookingToReadyByType'
  
D:\CU Projects\DS_Project_2\Restraunt_Simulation\Restraunt_Simulation\RequestAction.cpp(13,8): error C2248: 'Restaurant::AddToPending': cannot access private member declared in class 'Restaurant'
      D:\CU Projects\DS_Project_2\Restraunt_Simulation\Restraunt_Simulation\Restaurant.h(111,7):
      see declaration of 'Restaurant::AddToPending'
      D:\CU Projects\DS_Project_2\Restraunt_Simulation\Restraunt_Simulation\Restaurant.h(24,7):
      see declaration of 'Restaurant'
  
  Restaurant.cpp
D:\CU Projects\DS_Project_2\Restraunt_Simulation\Restraunt_Simulation\Action.h(10,12): error C2143: syntax error: missing ';' before '*'
  (compiling source file 'Restaurant.cpp')
  
D:\CU Projects\DS_Project_2\Restraunt_Simulation\Restraunt_Simulation\Action.h(10,2): error C4430: missing type specifier - int assumed. Note: C++ does not support default-int
  (compiling source file 'Restaurant.cpp')
  
D:\CU Projects\DS_Project_2\Restraunt_Simulation\Restraunt_Simulation\Action.h(10,18): error C2238: unexpected token(s) preceding ';'
  (compiling source file 'Restaurant.cpp')
  
D:\CU Projects\DS_Project_2\Restraunt_Simulation\Restraunt_Simulation\Action.h(12,9): error C2061: syntax error: identifier 'Restaurant'
  (compiling source file 'Restaurant.cpp')
  
D:\CU Projects\DS_Project_2\Restraunt_Simulation\Restraunt_Simulation\Table.h(18,17): error C2061: syntax error: identifier 'OD'
  (compiling source file 'Restaurant.cpp')
  
D:\CU Projects\DS_Project_2\Restraunt_Simulation\Restraunt_Simulation\UI.h(19,12): error C2143: syntax error: missing ';' before '*'
  (compiling source file 'Restaurant.cpp')
  
D:\CU Projects\DS_Project_2\Restraunt_Simulation\Restraunt_Simulation\UI.h(19,2): error C4430: missing type specifier - int assumed. Note: C++ does not support default-int
  (compiling source file 'Restaurant.cpp')
  
D:\CU Projects\DS_Project_2\Restraunt_Simulation\Restraunt_Simulation\UI.h(19,18): error C2238: unexpected token(s) preceding ';'
  (compiling source file 'Restaurant.cpp')
  
D:\CU Projects\DS_Project_2\Restraunt_Simulation\Restraunt_Simulation\UI.h(21,5): error C2061: syntax error: identifier 'Restaurant'
  (compiling source file 'Restaurant.cpp')
  
D:\CU Projects\DS_Project_2\Restraunt_Simulation\Restraunt_Simulation\Restaurant.h(124,9): error C2535: 'Order *Restaurant::FromCookingToReadyByType(Order *)': member function already defined or declared
  (compiling source file 'Restaurant.cpp')
      D:\CU Projects\DS_Project_2\Restraunt_Simulation\Restraunt_Simulation\Restaurant.h(113,9):
      see declaration of 'Restaurant::FromCookingToReadyByType'
  
D:\CU Projects\DS_Project_2\Restraunt_Simulation\Restraunt_Simulation\Restaurant.cpp(25,14): error C2665: 'UI::UI': no overloaded function could convert all the argument types
      D:\CU Projects\DS_Project_2\Restraunt_Simulation\Restraunt_Simulation\UI.h(37,1):
      could be 'UI::UI(UI &&)'
          D:\CU Projects\DS_Project_2\Restraunt_Simulation\Restraunt_Simulation\Restaurant.cpp(25,14):
          'UI::UI(UI &&)': cannot convert argument 1 from 'Restaurant *' to 'UI &&'
              D:\CU Projects\DS_Project_2\Restraunt_Simulation\Restraunt_Simulation\Restaurant.cpp(25,15):
              Reason: cannot convert from 'Restaurant *' to 'UI'
      D:\CU Projects\DS_Project_2\Restraunt_Simulation\Restraunt_Simulation\UI.h(37,1):
      or       'UI::UI(const UI &)'
          D:\CU Projects\DS_Project_2\Restraunt_Simulation\Restraunt_Simulation\Restaurant.cpp(25,14):
          'UI::UI(const UI &)': cannot convert argument 1 from 'Restaurant *' to 'const UI &'
              D:\CU Projects\DS_Project_2\Restraunt_Simulation\Restraunt_Simulation\Restaurant.cpp(25,15):
              Reason: cannot convert from 'Restaurant *' to 'const UI'
      D:\CU Projects\DS_Project_2\Restraunt_Simulation\Restraunt_Simulation\Restaurant.cpp(25,14):
      while trying to match the argument list '(Restaurant *)'
  
D:\CU Projects\DS_Project_2\Restraunt_Simulation\Restraunt_Simulation\Restaurant.cpp(63,11): error C2039: 'SetScooter': is not a member of 'Order'
      D:\CU Projects\DS_Project_2\Restraunt_Simulation\Restraunt_Simulation\Order.h(8,7):
      see declaration of 'Order'
  
D:\CU Projects\DS_Project_2\Restraunt_Simulation\Restraunt_Simulation\Restaurant.cpp(66,32): error C2039: 'getDistance': is not a member of 'Order'
      D:\CU Projects\DS_Project_2\Restraunt_Simulation\Restraunt_Simulation\Order.h(8,7):
      see declaration of 'Order'
  
D:\CU Projects\DS_Project_2\Restraunt_Simulation\Restraunt_Simulation\Restaurant.cpp(67,13): error C2039: 'SetReturnTime': is not a member of 'Scooter'
      D:\CU Projects\DS_Project_2\Restraunt_Simulation\Restraunt_Simulation\Scooter.h(4,7):
      see declaration of 'Scooter'
  
D:\CU Projects\DS_Project_2\Restraunt_Simulation\Restraunt_Simulation\Restaurant.cpp(69,11): error C2039: 'SetFinishTime': is not a member of 'Order'
      D:\CU Projects\DS_Project_2\Restraunt_Simulation\Restraunt_Simulation\Order.h(8,7):
      see declaration of 'Order'
  
D:\CU Projects\DS_Project_2\Restraunt_Simulation\Restraunt_Simulation\Restaurant.cpp(81,11): error C2039: 'SetFinishTime': is not a member of 'Order'
      D:\CU Projects\DS_Project_2\Restraunt_Simulation\Restraunt_Simulation\Order.h(8,7):
      see declaration of 'Order'
  
D:\CU Projects\DS_Project_2\Restraunt_Simulation\Restraunt_Simulation\Restaurant.cpp(92,32): error C2039: 'getFlag': is not a member of 'Order'
      D:\CU Projects\DS_Project_2\Restraunt_Simulation\Restraunt_Simulation\Order.h(8,7):
      see declaration of 'Order'
  
D:\CU Projects\DS_Project_2\Restraunt_Simulation\Restraunt_Simulation\Restaurant.cpp(94,28): error C2039: 'getType': is not a member of 'Table'
      D:\CU Projects\DS_Project_2\Restraunt_Simulation\Restraunt_Simulation\Table.h(5,7):
      see declaration of 'Table'
  
D:\CU Projects\DS_Project_2\Restraunt_Simulation\Restraunt_Simulation\Restaurant.cpp(95,27): error C2039: 'getNumSeats': is not a member of 'Order'
      D:\CU Projects\DS_Project_2\Restraunt_Simulation\Restraunt_Simulation\Order.h(8,7):
      see declaration of 'Order'
  
D:\CU Projects\DS_Project_2\Restraunt_Simulation\Restraunt_Simulation\Restaurant.cpp(102,32): error C2039: 'getAvailableSeats': is not a member of 'Table'
      D:\CU Projects\DS_Project_2\Restraunt_Simulation\Restraunt_Simulation\Table.h(5,7):
      see declaration of 'Table'
  
D:\CU Projects\DS_Project_2\Restraunt_Simulation\Restraunt_Simulation\Restaurant.cpp(104,14): error C2039: 'SetAvailableSeats': is not a member of 'Table'
      D:\CU Projects\DS_Project_2\Restraunt_Simulation\Restraunt_Simulation\Table.h(5,7):
      see declaration of 'Table'
  
D:\CU Projects\DS_Project_2\Restraunt_Simulation\Restraunt_Simulation\Restaurant.cpp(104,40): error C2039: 'getAvailableSeats': is not a member of 'Table'
      D:\CU Projects\DS_Project_2\Restraunt_Simulation\Restraunt_Simulation\Table.h(5,7):
      see declaration of 'Table'
  
D:\CU Projects\DS_Project_2\Restraunt_Simulation\Restraunt_Simulation\Restaurant.cpp(105,18): error C2039: 'getAvailableSeats': is not a member of 'Table'
      D:\CU Projects\DS_Project_2\Restraunt_Simulation\Restraunt_Simulation\Table.h(5,7):
      see declaration of 'Table'
  
D:\CU Projects\DS_Project_2\Restraunt_Simulation\Restraunt_Simulation\Restaurant.cpp(142,128): error C2065: 'Cooking_orders': undeclared identifier
D:\CU Projects\DS_Project_2\Restraunt_Simulation\Restraunt_Simulation\Restaurant.cpp(152,14): error C2039: 'getType': is not a member of 'Chef'
      D:\CU Projects\DS_Project_2\Restraunt_Simulation\Restraunt_Simulation\Chef.h(6,7):
      see declaration of 'Chef'
  
D:\CU Projects\DS_Project_2\Restraunt_Simulation\Restraunt_Simulation\Restaurant.cpp(158,15): error C2039: 'getType': is not a member of 'Table'
      D:\CU Projects\DS_Project_2\Restraunt_Simulation\Restraunt_Simulation\Table.h(5,7):
      see declaration of 'Table'
  
D:\CU Projects\DS_Project_2\Restraunt_Simulation\Restraunt_Simulation\Restaurant.cpp(161,12): error C2039: 'setFlag': is not a member of 'Table'
      D:\CU Projects\DS_Project_2\Restraunt_Simulation\Restraunt_Simulation\Table.h(5,7):
      see declaration of 'Table'
  
D:\CU Projects\DS_Project_2\Restraunt_Simulation\Restraunt_Simulation\Restaurant.cpp(165,12): error C2039: 'setFlag': is not a member of 'Table'
      D:\CU Projects\DS_Project_2\Restraunt_Simulation\Restraunt_Simulation\Table.h(5,7):
      see declaration of 'Table'
  
D:\CU Projects\DS_Project_2\Restraunt_Simulation\Restraunt_Simulation\Restaurant.cpp(168,34): error C2665: 'Scooter::Scooter': no overloaded function could convert all the argument types
      D:\CU Projects\DS_Project_2\Restraunt_Simulation\Restraunt_Simulation\Scooter.h(26,1):
      could be 'Scooter::Scooter(Scooter &&)'
          D:\CU Projects\DS_Project_2\Restraunt_Simulation\Restraunt_Simulation\Restaurant.cpp(168,34):
          'Scooter::Scooter(Scooter &&)': cannot convert argument 1 from 'int' to 'Scooter &&'
              D:\CU Projects\DS_Project_2\Restraunt_Simulation\Restraunt_Simulation\Restaurant.cpp(168,37):
              Reason: cannot convert from 'int' to 'Scooter'
      D:\CU Projects\DS_Project_2\Restraunt_Simulation\Restraunt_Simulation\Scooter.h(26,1):
      or       'Scooter::Scooter(const Scooter &)'
          D:\CU Projects\DS_Project_2\Restraunt_Simulation\Restraunt_Simulation\Restaurant.cpp(168,34):
          'Scooter::Scooter(const Scooter &)': cannot convert argument 1 from 'int' to 'const Scooter &'
              D:\CU Projects\DS_Project_2\Restraunt_Simulation\Restraunt_Simulation\Restaurant.cpp(168,37):
              Reason: cannot convert from 'int' to 'const Scooter'
      D:\CU Projects\DS_Project_2\Restraunt_Simulation\Restraunt_Simulation\Restaurant.cpp(168,34):
      while trying to match the argument list '(int)'
  
D:\CU Projects\DS_Project_2\Restraunt_Simulation\Restraunt_Simulation\Restaurant.cpp(184,14): error C2039: 'setChef': is not a member of 'Order'
      D:\CU Projects\DS_Project_2\Restraunt_Simulation\Restraunt_Simulation\Order.h(8,7):
      see declaration of 'Order'
  
D:\CU Projects\DS_Project_2\Restraunt_Simulation\Restraunt_Simulation\Restaurant.cpp(185,4): error C2065: 'Cooking_orders': undeclared identifier
D:\CU Projects\DS_Project_2\Restraunt_Simulation\Restraunt_Simulation\Restaurant.cpp(195,9): error C2065: 'Cooking_orders': undeclared identifier
D:\CU Projects\DS_Project_2\Restraunt_Simulation\Restraunt_Simulation\Restaurant.cpp(208,21): error C2039: 'getType': is not a member of 'Order'
      D:\CU Projects\DS_Project_2\Restraunt_Simulation\Restraunt_Simulation\Order.h(8,7):
      see declaration of 'Order'
  
D:\CU Projects\DS_Project_2\Restraunt_Simulation\Restraunt_Simulation\Restaurant.cpp(219,15): error C2039: 'setScooter': is not a member of 'Order'
      D:\CU Projects\DS_Project_2\Restraunt_Simulation\Restraunt_Simulation\Order.h(8,7):
      see declaration of 'Order'
  
D:\CU Projects\DS_Project_2\Restraunt_Simulation\Restraunt_Simulation\Restaurant.cpp(225,15): error C2039: 'setTable': is not a member of 'Order'
      D:\CU Projects\DS_Project_2\Restraunt_Simulation\Restraunt_Simulation\Order.h(8,7):
      see declaration of 'Order'
  
D:\CU Projects\DS_Project_2\Restraunt_Simulation\Restraunt_Simulation\Restaurant.cpp(233,7): error C2065: 'totalGenerated': undeclared identifier
D:\CU Projects\DS_Project_2\Restraunt_Simulation\Restraunt_Simulation\Restaurant.cpp(234,29): error C2065: 'totalGenerated': undeclared identifier
D:\CU Projects\DS_Project_2\Restraunt_Simulation\Restraunt_Simulation\Restaurant.cpp(242,21): error C2039: 'enqueue': is not a member of 'Stack<Order *>'
      D:\CU Projects\DS_Project_2\Restraunt_Simulation\Restraunt_Simulation\Stack.h(5,7):
      see declaration of 'Stack<Order *>'
  
D:\CU Projects\DS_Project_2\Restraunt_Simulation\Restraunt_Simulation\Restaurant.cpp(247,8): error C2039: 'UpdateInterFace': is not a member of 'UI'
      D:\CU Projects\DS_Project_2\Restraunt_Simulation\Restraunt_Simulation\UI.h(16,7):
      see declaration of 'UI'
  
D:\CU Projects\DS_Project_2\Restraunt_Simulation\Restraunt_Simulation\Restaurant.cpp(248,8): error C2039: 'WaitForClick': is not a member of 'UI'
      D:\CU Projects\DS_Project_2\Restraunt_Simulation\Restraunt_Simulation\UI.h(16,7):
      see declaration of 'UI'
  
D:\CU Projects\DS_Project_2\Restraunt_Simulation\Restraunt_Simulation\Restaurant.cpp(290,3): error C2065: 'Cooking_orders': undeclared identifier
D:\CU Projects\DS_Project_2\Restraunt_Simulation\Restraunt_Simulation\Restaurant.cpp(319,22): error C2259: 'Order': cannot instantiate abstract class
      D:\CU Projects\DS_Project_2\Restraunt_Simulation\Restraunt_Simulation\Order.h(8,7):
      see declaration of 'Order'
      D:\CU Projects\DS_Project_2\Restraunt_Simulation\Restraunt_Simulation\Restaurant.cpp(319,22):
      due to following members:
      D:\CU Projects\DS_Project_2\Restraunt_Simulation\Restraunt_Simulation\Restaurant.cpp(319,22):
      'Order::~Order(void)': is abstract
      D:\CU Projects\DS_Project_2\Restraunt_Simulation\Restraunt_Simulation\Order.h(63,11):
      see declaration of 'Order::~Order'
  
D:\CU Projects\DS_Project_2\Restraunt_Simulation\Restraunt_Simulation\Restaurant.cpp(319,27): error C2259: 'Order': cannot instantiate abstract class
      D:\CU Projects\DS_Project_2\Restraunt_Simulation\Restraunt_Simulation\Order.h(8,7):
      see declaration of 'Order'
      D:\CU Projects\DS_Project_2\Restraunt_Simulation\Restraunt_Simulation\Restaurant.cpp(319,27):
      due to following members:
      D:\CU Projects\DS_Project_2\Restraunt_Simulation\Restraunt_Simulation\Restaurant.cpp(319,27):
      'Order::~Order(void)': is abstract
      D:\CU Projects\DS_Project_2\Restraunt_Simulation\Restraunt_Simulation\Order.h(63,11):
      see declaration of 'Order::~Order'
  
D:\CU Projects\DS_Project_2\Restraunt_Simulation\Restraunt_Simulation\Restaurant.cpp(319,27): error C2661: 'Order::Order': no overloaded function takes 2 arguments
      D:\CU Projects\DS_Project_2\Restraunt_Simulation\Restraunt_Simulation\Restaurant.cpp(319,27):
      while trying to match the argument list '(int, OrderType)'
  
D:\CU Projects\DS_Project_2\Restraunt_Simulation\Restraunt_Simulation\Restaurant.cpp(324,11): error C2039: 'setDistance': is not a member of 'Order'
      D:\CU Projects\DS_Project_2\Restraunt_Simulation\Restraunt_Simulation\Order.h(8,7):
      see declaration of 'Order'
  
D:\CU Projects\DS_Project_2\Restraunt_Simulation\Restraunt_Simulation\Restaurant.cpp(331,11): error C2039: 'setNumSeats': is not a member of 'Order'
      D:\CU Projects\DS_Project_2\Restraunt_Simulation\Restraunt_Simulation\Order.h(8,7):
      see declaration of 'Order'
  
D:\CU Projects\DS_Project_2\Restraunt_Simulation\Restraunt_Simulation\Restaurant.cpp(332,11): error C2039: 'setEatingTime': is not a member of 'Order'
      D:\CU Projects\DS_Project_2\Restraunt_Simulation\Restraunt_Simulation\Order.h(8,7):
      see declaration of 'Order'
  
D:\CU Projects\DS_Project_2\Restraunt_Simulation\Restraunt_Simulation\Restaurant.cpp(333,11): error C2039: 'setSharableFlag': is not a member of 'Order'
      D:\CU Projects\DS_Project_2\Restraunt_Simulation\Restraunt_Simulation\Order.h(8,7):
      see declaration of 'Order'
  
D:\CU Projects\DS_Project_2\Restraunt_Simulation\Restraunt_Simulation\Restaurant.cpp(335,10): error C2039: 'setArrivalTime': is not a member of 'Order'
      D:\CU Projects\DS_Project_2\Restraunt_Simulation\Restraunt_Simulation\Order.h(8,7):
      see declaration of 'Order'
  
D:\CU Projects\DS_Project_2\Restraunt_Simulation\Restraunt_Simulation\Restaurant.cpp(342,27): error C2665: 'Table::Table': no overloaded function could convert all the argument types
      D:\CU Projects\DS_Project_2\Restraunt_Simulation\Restraunt_Simulation\Table.h(21,1):
      could be 'Table::Table(Table &&)'
          D:\CU Projects\DS_Project_2\Restraunt_Simulation\Restraunt_Simulation\Restaurant.cpp(342,27):
          'Table::Table(Table &&)': cannot convert argument 1 from 'int' to 'Table &&'
              D:\CU Projects\DS_Project_2\Restraunt_Simulation\Restraunt_Simulation\Restaurant.cpp(342,28):
              Reason: cannot convert from 'int' to 'Table'
      D:\CU Projects\DS_Project_2\Restraunt_Simulation\Restraunt_Simulation\Table.h(21,1):
      or       'Table::Table(const Table &)'
          D:\CU Projects\DS_Project_2\Restraunt_Simulation\Restraunt_Simulation\Restaurant.cpp(342,27):
          'Table::Table(const Table &)': cannot convert argument 1 from 'int' to 'const Table &'
              D:\CU Projects\DS_Project_2\Restraunt_Simulation\Restraunt_Simulation\Restaurant.cpp(342,28):
              Reason: cannot convert from 'int' to 'const Table'
      D:\CU Projects\DS_Project_2\Restraunt_Simulation\Restraunt_Simulation\Restaurant.cpp(342,27):
      while trying to match the argument list '(int)'
  
D:\CU Projects\DS_Project_2\Restraunt_Simulation\Restraunt_Simulation\Restaurant.cpp(345,11): error C2039: 'setType': is not a member of 'Table'
      D:\CU Projects\DS_Project_2\Restraunt_Simulation\Restraunt_Simulation\Table.h(5,7):
      see declaration of 'Table'
  
D:\CU Projects\DS_Project_2\Restraunt_Simulation\Restraunt_Simulation\Restaurant.cpp(347,11): error C2039: 'setType': is not a member of 'Table'
      D:\CU Projects\DS_Project_2\Restraunt_Simulation\Restraunt_Simulation\Table.h(5,7):
      see declaration of 'Table'
  
D:\CU Projects\DS_Project_2\Restraunt_Simulation\Restraunt_Simulation\Restaurant.cpp(347,19): error C2065: 'Non_Sharable': undeclared identifier
D:\CU Projects\DS_Project_2\Restraunt_Simulation\Restraunt_Simulation\Restaurant.cpp(353,24): error C2665: 'Chef::Chef': no overloaded function could convert all the argument types
      D:\CU Projects\DS_Project_2\Restraunt_Simulation\Restraunt_Simulation\Chef.h(21,1):
      could be 'Chef::Chef(const Chef &)'
          D:\CU Projects\DS_Project_2\Restraunt_Simulation\Restraunt_Simulation\Restaurant.cpp(353,24):
          'Chef::Chef(const Chef &)': cannot convert argument 1 from 'int' to 'const Chef &'
              D:\CU Projects\DS_Project_2\Restraunt_Simulation\Restraunt_Simulation\Restaurant.cpp(353,25):
              Reason: cannot convert from 'int' to 'const Chef'
      D:\CU Projects\DS_Project_2\Restraunt_Simulation\Restraunt_Simulation\Restaurant.cpp(353,24):
      while trying to match the argument list '(int)'
  
D:\CU Projects\DS_Project_2\Restraunt_Simulation\Restraunt_Simulation\Restaurant.cpp(357,10): error C2664: 'void Chef::setType(OrderType)': cannot convert argument 1 from 'ChefType' to 'OrderType'
      D:\CU Projects\DS_Project_2\Restraunt_Simulation\Restraunt_Simulation\Restaurant.cpp(357,18):
      Conversion to enumeration type requires an explicit cast (static_cast, C-style cast or parenthesized function-style cast)
      D:\CU Projects\DS_Project_2\Restraunt_Simulation\Restraunt_Simulation\Chef.h(17,7):
      see declaration of 'Chef::setType'
      D:\CU Projects\DS_Project_2\Restraunt_Simulation\Restraunt_Simulation\Restaurant.cpp(357,10):
      while trying to match the argument list '(ChefType)'
  
D:\CU Projects\DS_Project_2\Restraunt_Simulation\Restraunt_Simulation\Restaurant.cpp(360,10): error C2664: 'void Chef::setType(OrderType)': cannot convert argument 1 from 'ChefType' to 'OrderType'
      D:\CU Projects\DS_Project_2\Restraunt_Simulation\Restraunt_Simulation\Restaurant.cpp(360,18):
      Conversion to enumeration type requires an explicit cast (static_cast, C-style cast or parenthesized function-style cast)
      D:\CU Projects\DS_Project_2\Restraunt_Simulation\Restraunt_Simulation\Chef.h(17,7):
      see declaration of 'Chef::setType'
      D:\CU Projects\DS_Project_2\Restraunt_Simulation\Restraunt_Simulation\Restaurant.cpp(360,10):
      while trying to match the argument list '(ChefType)'
  
D:\CU Projects\DS_Project_2\Restraunt_Simulation\Restraunt_Simulation\Restaurant.cpp(440,27): error C2039: 'getType': is not a member of 'Order'
      D:\CU Projects\DS_Project_2\Restraunt_Simulation\Restraunt_Simulation\Order.h(8,7):
      see declaration of 'Order'
  
D:\CU Projects\DS_Project_2\Restraunt_Simulation\Restraunt_Simulation\Restaurant.cpp(475,15): error C2440: 'initializing': cannot convert from 'OrderType' to 'std::basic_string<char,std::char_traits<char>,std::allocator<char>>'
      D:\CU Projects\DS_Project_2\Restraunt_Simulation\Restraunt_Simulation\Restaurant.cpp(475,15):
      No user-defined-conversion operator available that can perform this conversion, or the operator cannot be called
  
  Restraunt_Simulation.cpp
D:\CU Projects\DS_Project_2\Restraunt_Simulation\Restraunt_Simulation\Action.h(10,12): error C2143: syntax error: missing ';' before '*'
  (compiling source file 'Restraunt_Simulation.cpp')
  
D:\CU Projects\DS_Project_2\Restraunt_Simulation\Restraunt_Simulation\Action.h(10,2): error C4430: missing type specifier - int assumed. Note: C++ does not support default-int
  (compiling source file 'Restraunt_Simulation.cpp')
  
D:\CU Projects\DS_Project_2\Restraunt_Simulation\Restraunt_Simulation\Action.h(10,18): error C2238: unexpected token(s) preceding ';'
  (compiling source file 'Restraunt_Simulation.cpp')
  
D:\CU Projects\DS_Project_2\Restraunt_Simulation\Restraunt_Simulation\Action.h(12,9): error C2061: syntax error: identifier 'Restaurant'
  (compiling source file 'Restraunt_Simulation.cpp')
  
D:\CU Projects\DS_Project_2\Restraunt_Simulation\Restraunt_Simulation\Table.h(18,17): error C2061: syntax error: identifier 'OD'
  (compiling source file 'Restraunt_Simulation.cpp')
  
D:\CU Projects\DS_Project_2\Restraunt_Simulation\Restraunt_Simulation\UI.h(19,12): error C2143: syntax error: missing ';' before '*'
  (compiling source file 'Restraunt_Simulation.cpp')
  
D:\CU Projects\DS_Project_2\Restraunt_Simulation\Restraunt_Simulation\UI.h(19,2): error C4430: missing type specifier - int assumed. Note: C++ does not support default-int
  (compiling source file 'Restraunt_Simulation.cpp')
  
D:\CU Projects\DS_Project_2\Restraunt_Simulation\Restraunt_Simulation\UI.h(19,18): error C2238: unexpected token(s) preceding ';'
  (compiling source file 'Restraunt_Simulation.cpp')
  
D:\CU Projects\DS_Project_2\Restraunt_Simulation\Restraunt_Simulation\UI.h(21,5): error C2061: syntax error: identifier 'Restaurant'
  (compiling source file 'Restraunt_Simulation.cpp')
  
D:\CU Projects\DS_Project_2\Restraunt_Simulation\Restraunt_Simulation\Restaurant.h(124,9): error C2535: 'Order *Restaurant::FromCookingToReadyByType(Order *)': member function already defined or declared
  (compiling source file 'Restraunt_Simulation.cpp')
      D:\CU Projects\DS_Project_2\Restraunt_Simulation\Restraunt_Simulation\Restaurant.h(113,9):
      see declaration of 'Restaurant::FromCookingToReadyByType'
  
  Scooter.cpp
  Stack.cpp
  Table.cpp
D:\CU Projects\DS_Project_2\Restraunt_Simulation\Restraunt_Simulation\OD.h(7,7): error C2143: syntax error: missing ';' before '*'
  (compiling source file 'Table.cpp')
  
D:\CU Projects\DS_Project_2\Restraunt_Simulation\Restraunt_Simulation\OD.h(7,2): error C4430: missing type specifier - int assumed. Note: C++ does not support default-int
  (compiling source file 'Table.cpp')
  
D:\CU Projects\DS_Project_2\Restraunt_Simulation\Restraunt_Simulation\OD.h(7,23): error C2238: unexpected token(s) preceding ';'
  (compiling source file 'Table.cpp')
  
D:\CU Projects\DS_Project_2\Restraunt_Simulation\Restraunt_Simulation\OD.h(19,26): error C2061: syntax error: identifier 'Table'
  (compiling source file 'Table.cpp')
  
D:\CU Projects\DS_Project_2\Restraunt_Simulation\Restraunt_Simulation\OD.h(20,7): error C2143: syntax error: missing ';' before '*'
  (compiling source file 'Table.cpp')
  
D:\CU Projects\DS_Project_2\Restraunt_Simulation\Restraunt_Simulation\OD.h(20,2): error C4430: missing type specifier - int assumed. Note: C++ does not support default-int
  (compiling source file 'Table.cpp')
  
D:\CU Projects\DS_Project_2\Restraunt_Simulation\Restraunt_Simulation\OD.h(20,29): error C2238: unexpected token(s) preceding ';'
  (compiling source file 'Table.cpp')
  
D:\CU Projects\DS_Project_2\Restraunt_Simulation\Restraunt_Simulation\Table.cpp(35,5): error C2660: 'OD::set_assigned_table': function does not take 1 arguments
      D:\CU Projects\DS_Project_2\Restraunt_Simulation\Restraunt_Simulation\OD.h(19,7):
      see declaration of 'OD::set_assigned_table'
      D:\CU Projects\DS_Project_2\Restraunt_Simulation\Restraunt_Simulation\Table.cpp(35,5):
      while trying to match the argument list '(Table *)'
  
  Generating Code...
  Compiling...
  UI.cpp
D:\CU Projects\DS_Project_2\Restraunt_Simulation\Restraunt_Simulation\OD.h(7,7): error C2143: syntax error: missing ';' before '*'
  (compiling source file 'UI.cpp')
  
D:\CU Projects\DS_Project_2\Restraunt_Simulation\Restraunt_Simulation\OD.h(7,2): error C4430: missing type specifier - int assumed. Note: C++ does not support default-int
  (compiling source file 'UI.cpp')
  
D:\CU Projects\DS_Project_2\Restraunt_Simulation\Restraunt_Simulation\OD.h(7,23): error C2238: unexpected token(s) preceding ';'
  (compiling source file 'UI.cpp')
  
D:\CU Projects\DS_Project_2\Restraunt_Simulation\Restraunt_Simulation\OD.h(19,26): error C2061: syntax error: identifier 'Table'
  (compiling source file 'UI.cpp')
  
D:\CU Projects\DS_Project_2\Restraunt_Simulation\Restraunt_Simulation\OD.h(20,7): error C2143: syntax error: missing ';' before '*'
  (compiling source file 'UI.cpp')
  
D:\CU Projects\DS_Project_2\Restraunt_Simulation\Restraunt_Simulation\OD.h(20,2): error C4430: missing type specifier - int assumed. Note: C++ does not support default-int
  (compiling source file 'UI.cpp')
  
D:\CU Projects\DS_Project_2\Restraunt_Simulation\Restraunt_Simulation\OD.h(20,29): error C2238: unexpected token(s) preceding ';'
  (compiling source file 'UI.cpp')
  
D:\CU Projects\DS_Project_2\Restraunt_Simulation\Restraunt_Simulation\Restaurant.h(31,5): error C2143: syntax error: missing ';' before '*'
  (compiling source file 'UI.cpp')
  
D:\CU Projects\DS_Project_2\Restraunt_Simulation\Restraunt_Simulation\Restaurant.h(31,2): error C4430: missing type specifier - int assumed. Note: C++ does not support default-int
  (compiling source file 'UI.cpp')
  
D:\CU Projects\DS_Project_2\Restraunt_Simulation\Restraunt_Simulation\Restaurant.h(31,10): error C2238: unexpected token(s) preceding ';'
  (compiling source file 'UI.cpp')
  
D:\CU Projects\DS_Project_2\Restraunt_Simulation\Restraunt_Simulation\Restaurant.h(34,9): error C2065: 'Action': undeclared identifier
  (compiling source file 'UI.cpp')
  
D:\CU Projects\DS_Project_2\Restraunt_Simulation\Restraunt_Simulation\Restaurant.h(34,16): error C2059: syntax error: '>'
  (compiling source file 'UI.cpp')
  
D:\CU Projects\DS_Project_2\Restraunt_Simulation\Restraunt_Simulation\Restaurant.h(35,9): error C2065: 'Action': undeclared identifier
  (compiling source file 'UI.cpp')
  
D:\CU Projects\DS_Project_2\Restraunt_Simulation\Restraunt_Simulation\Restaurant.h(35,16): error C2059: syntax error: '>'
  (compiling source file 'UI.cpp')
  
D:\CU Projects\DS_Project_2\Restraunt_Simulation\Restraunt_Simulation\Restaurant.h(124,9): error C2535: 'Order *Restaurant::FromCookingToReadyByType(Order *)': member function already defined or declared
  (compiling source file 'UI.cpp')
      D:\CU Projects\DS_Project_2\Restraunt_Simulation\Restraunt_Simulation\Restaurant.h(113,9):
      see declaration of 'Restaurant::FromCookingToReadyByType'
  
D:\CU Projects\DS_Project_2\Restraunt_Simulation\Restraunt_Simulation\UI.cpp(96,8): error C2374: 'm': redefinition; multiple initialization
      D:\CU Projects\DS_Project_2\Restraunt_Simulation\Restraunt_Simulation\UI.cpp(91,8):
      see declaration of 'm'
  
D:\CU Projects\DS_Project_2\Restraunt_Simulation\Restraunt_Simulation\UI.cpp(95,2): error C2360: initialization of 'm' is skipped by 'case' label
      D:\CU Projects\DS_Project_2\Restraunt_Simulation\Restraunt_Simulation\UI.cpp(91,8):
      see declaration of 'm'
  
  Generating Code...
