c:\users\boudy\desktop\abdelrahman eid\programming\restraunt_simulation\restraunt_simulation\x64\debug\vc143.pdb
c:\users\boudy\desktop\abdelrahman eid\programming\restraunt_simulation\restraunt_simulation\x64\debug\vc143.idb
c:\users\boudy\desktop\abdelrahman eid\programming\restraunt_simulation\restraunt_simulation\x64\debug\ui.obj
c:\users\boudy\desktop\abdelrahman eid\programming\restraunt_simulation\restraunt_simulation\x64\debug\table.obj
c:\users\boudy\desktop\abdelrahman eid\programming\restraunt_simulation\restraunt_simulation\x64\debug\restraunt_simulation.obj
c:\users\boudy\desktop\abdelrahman eid\programming\restraunt_simulation\restraunt_simulation\x64\debug\restaurant.obj
c:\users\boudy\desktop\abdelrahman eid\programming\restraunt_simulation\restraunt_simulation\x64\debug\scooter.obj
c:\users\boudy\desktop\abdelrahman eid\programming\restraunt_simulation\restraunt_simulation\x64\debug\order.obj
c:\users\boudy\desktop\abdelrahman eid\programming\restraunt_simulation\restraunt_simulation\x64\debug\od.obj
c:\users\boudy\desktop\abdelrahman eid\programming\restraunt_simulation\restraunt_simulation\x64\debug\chef.obj
c:\users\boudy\desktop\abdelrahman eid\programming\restraunt_simulation\restraunt_simulation\x64\debug\ov.obj
c:\users\boudy\desktop\abdelrahman eid\programming\restraunt_simulation\restraunt_simulation\x64\debug\ot.obj
c:\users\boudy\desktop\abdelrahman eid\programming\restraunt_simulation\restraunt_simulation\x64\debug\fit_tables.obj
c:\users\boudy\desktop\abdelrahman eid\programming\restraunt_simulation\restraunt_simulation\x64\debug\action.obj
c:\users\boudy\desktop\abdelrahman eid\programming\restraunt_simulation\x64\debug\restraunt_simulation.exe
c:\users\boudy\desktop\abdelrahman eid\programming\restraunt_simulation\x64\debug\restraunt_simulation.pdb
c:\users\boudy\desktop\abdelrahman eid\programming\restraunt_simulation\restraunt_simulation\x64\debug\restraunt_simulation.ilk
d:\cu projects\ds_project_2\restraunt_simulation\restraunt_simulation\x64\debug\action.obj
d:\cu projects\ds_project_2\restraunt_simulation\restraunt_simulation\x64\debug\cancelaction.obj
d:\cu projects\ds_project_2\restraunt_simulation\restraunt_simulation\x64\debug\chef.obj
d:\cu projects\ds_project_2\restraunt_simulation\restraunt_simulation\x64\debug\enumtypes.obj
d:\cu projects\ds_project_2\restraunt_simulation\restraunt_simulation\x64\debug\fit_tables.obj
d:\cu projects\ds_project_2\restraunt_simulation\restraunt_simulation\x64\debug\od.obj
d:\cu projects\ds_project_2\restraunt_simulation\restraunt_simulation\x64\debug\order.obj
d:\cu projects\ds_project_2\restraunt_simulation\restraunt_simulation\x64\debug\ot.obj
d:\cu projects\ds_project_2\restraunt_simulation\restraunt_simulation\x64\debug\ov.obj
d:\cu projects\ds_project_2\restraunt_simulation\restraunt_simulation\x64\debug\requestaction.obj
d:\cu projects\ds_project_2\restraunt_simulation\restraunt_simulation\x64\debug\restaurant.obj
d:\cu projects\ds_project_2\restraunt_simulation\restraunt_simulation\x64\debug\restraunt_simulation.obj
d:\cu projects\ds_project_2\restraunt_simulation\restraunt_simulation\x64\debug\scooter.obj
d:\cu projects\ds_project_2\restraunt_simulation\restraunt_simulation\x64\debug\table.obj
d:\cu projects\ds_project_2\restraunt_simulation\restraunt_simulation\x64\debug\ui.obj
d:\cu projects\ds_project_2\restraunt_simulation\restraunt_simulation\x64\debug\vc143.idb
d:\cu projects\ds_project_2\restraunt_simulation\restraunt_simulation\x64\debug\vc143.pdb
d:\cu projects\ds_project_2\restraunt_simulation\x64\debug\restraunt_simulation.pdb
d:\cu projects\ds_project_2\restraunt_simulation\restraunt_simulation\x64\debug\restraun.77e362d2.tlog\cl.command.1.tlog
d:\cu projects\ds_project_2\restraunt_simulation\restraunt_simulation\x64\debug\restraun.77e362d2.tlog\cl.items.tlog
d:\cu projects\ds_project_2\restraunt_simulation\restraunt_simulation\x64\debug\restraun.77e362d2.tlog\cl.read.1.tlog
d:\cu projects\ds_project_2\restraunt_simulation\restraunt_simulation\x64\debug\restraun.77e362d2.tlog\cl.write.1.tlog
d:\cu projects\ds_project_2\restraunt_simulation\restraunt_simulation\x64\debug\restraun.77e362d2.tlog\link-cvtres.read.1.tlog
d:\cu projects\ds_project_2\restraunt_simulation\restraunt_simulation\x64\debug\restraun.77e362d2.tlog\link-cvtres.write.1.tlog
d:\cu projects\ds_project_2\restraunt_simulation\restraunt_simulation\x64\debug\restraun.77e362d2.tlog\link-rc.read.1.tlog
d:\cu projects\ds_project_2\restraunt_simulation\restraunt_simulation\x64\debug\restraun.77e362d2.tlog\link-rc.write.1.tlog
d:\cu projects\ds_project_2\restraunt_simulation\restraunt_simulation\x64\debug\restraun.77e362d2.tlog\link.command.1.tlog
d:\cu projects\ds_project_2\restraunt_simulation\restraunt_simulation\x64\debug\restraun.77e362d2.tlog\link.read.1.tlog
d:\cu projects\ds_project_2\restraunt_simulation\restraunt_simulation\x64\debug\restraun.77e362d2.tlog\link.read.2.tlog
d:\cu projects\ds_project_2\restraunt_simulation\restraunt_simulation\x64\debug\restraun.77e362d2.tlog\link.read.3.tlog
d:\cu projects\ds_project_2\restraunt_simulation\restraunt_simulation\x64\debug\restraun.77e362d2.tlog\link.read.4.tlog
d:\cu projects\ds_project_2\restraunt_simulation\restraunt_simulation\x64\debug\restraun.77e362d2.tlog\link.read.5.tlog
d:\cu projects\ds_project_2\restraunt_simulation\restraunt_simulation\x64\debug\restraun.77e362d2.tlog\link.secondary.1.tlog
d:\cu projects\ds_project_2\restraunt_simulation\restraunt_simulation\x64\debug\restraun.77e362d2.tlog\link.write.1.tlog
